This is pdfTeX, Version 3.141592653-2.6-1.40.26 (TeX Live 2024) (preloaded format=pdflatex 2024.8.14)  26 SEP 2025 23:36
entering extended mode
 restricted \write18 enabled.
 file:line:error style messages enabled.
 %&-line parsing enabled.
**c:/Users/15136/OneDrive/Documents/website/docs/cv/new/new
(c:/Users/15136/OneDrive/Documents/website/docs/cv/new/new.tex
LaTeX2e <2024-06-01> patch level 2
L3 programming layer <2024-07-20>
(c:/texlive/2024/texmf-dist/tex/latex/base/article.cls
Document Class: article 2024/02/08 v1.4n Standard LaTeX document class
(c:/texlive/2024/texmf-dist/tex/latex/base/size11.clo
File: size11.clo 2024/02/08 v1.4n Standard LaTeX file (size option)
)
\c@part=\count194
\c@section=\count195
\c@subsection=\count196
\c@subsubsection=\count197
\c@paragraph=\count198
\c@subparagraph=\count199
\c@figure=\count266
\c@table=\count267
\abovecaptionskip=\skip49
\belowcaptionskip=\skip50
\bibindent=\dimen141
) (c:/texlive/2024/texmf-dist/tex/latex/base/fontenc.sty
Package: fontenc 2021/04/29 v2.0v Standard LaTeX package
) (c:/texlive/2024/texmf-dist/tex/latex/inter/inter.sty
Package: inter 2023/11/23 (Carl-Clemens Ebinger & autoinst) Style file for inter fonts (Inter v.4.0)
 (c:/texlive/2024/texmf-dist/tex/generic/iftex/ifxetex.sty
Package: ifxetex 2019/10/25 v0.7 ifxetex legacy package. Use iftex instead.
 (c:/texlive/2024/texmf-dist/tex/generic/iftex/iftex.sty
Package: iftex 2022/02/03 v1.0f TeX engine tests
)) (c:/texlive/2024/texmf-dist/tex/generic/iftex/ifluatex.sty
Package: ifluatex 2019/10/25 v1.5 ifluatex legacy package. Use iftex instead.
) (c:/texlive/2024/texmf-dist/tex/latex/base/textcomp.sty
Package: textcomp 2024/04/24 v2.1b Standard LaTeX package
) (c:/texlive/2024/texmf-dist/tex/latex/xkeyval/xkeyval.sty
Package: xkeyval 2022/06/16 v2.9 package option processing (HA)
 (c:/texlive/2024/texmf-dist/tex/generic/xkeyval/xkeyval.tex (c:/texlive/2024/texmf-dist/tex/generic/xkeyval/xkvutils.tex
\XKV@toks=\toks17
\XKV@tempa@toks=\toks18
 (c:/texlive/2024/texmf-dist/tex/generic/xkeyval/keyval.tex))
\XKV@depth=\count268
File: xkeyval.tex 2014/12/03 v2.7a key=value parser (HA)
)) (c:/texlive/2024/texmf-dist/tex/latex/base/fontenc.sty
Package: fontenc 2021/04/29 v2.0v Standard LaTeX package


c:/texlive/2024/texmf-dist/tex/latex/base/fontenc.sty:115: Package fontenc Error: Encoding file `lgrenc.def' not found.
(fontenc)                You might have misspelled the name of the encoding 
(fontenc)                or a required support package (e.g., cyrillic) is 
(fontenc)                missing in your installation.

See the fontenc package documentation for explanation.
Type  H <return>  for immediate help.
 ...                                              
                                                  
l.115 \ProcessOptions*
                      
Necessary code for this encoding was not loaded.
Thus calling the encoding later on will produce further error messages.


c:/texlive/2024/texmf-dist/tex/latex/base/fontenc.sty:115: Package fontenc Error: Encoding file `ly1enc.def' not found.
(fontenc)                You might have misspelled the name of the encoding 
(fontenc)                or a required support package (e.g., cyrillic) is 
(fontenc)                missing in your installation.

See the fontenc package documentation for explanation.
Type  H <return>  for immediate help.
 ...                                              
                                                  
l.115 \ProcessOptions*
                      
Necessary code for this encoding was not loaded.
Thus calling the encoding later on will produce further error messages.

) (c:/texlive/2024/texmf-dist/tex/latex/fontaxes/fontaxes.sty
Package: fontaxes 2025-05-24 v2.0.1 Font selection axes (deprecated)
 (c:/texlive/2024/texmf-dist/tex/latex/fontaxes/fontaxes-v1.sty
Package: fontaxes 2020/07/21 v1.0e Font selection axes
LaTeX Info: Redefining \upshape on input line 29.
LaTeX Info: Redefining \itshape on input line 31.
LaTeX Info: Redefining \slshape on input line 33.
LaTeX Info: Redefining \swshape on input line 35.
LaTeX Info: Redefining \scshape on input line 37.
LaTeX Info: Redefining \sscshape on input line 39.
LaTeX Info: Redefining \ulcshape on input line 41.
LaTeX Info: Redefining \textsw on input line 47.
LaTeX Info: Redefining \textssc on input line 48.
LaTeX Info: Redefining \textulc on input line 49.
)) (c:/texlive/2024/texmf-dist/tex/latex/base/ifthen.sty
Package: ifthen 2024/03/16 v1.1e Standard LaTeX ifthen package (DPC)
)) (c:/texlive/2024/texmf-dist/tex/latex/geometry/geometry.sty
Package: geometry 2020/01/02 v5.9 Page Geometry
 (c:/texlive/2024/texmf-dist/tex/generic/iftex/ifvtex.sty
Package: ifvtex 2019/10/25 v1.7 ifvtex legacy package. Use iftex instead.
)
\Gm@cnth=\count269
\Gm@cntv=\count270
\c@Gm@tempcnt=\count271
\Gm@bindingoffset=\dimen142
\Gm@wd@mp=\dimen143
\Gm@odd@mp=\dimen144
\Gm@even@mp=\dimen145
\Gm@layoutwidth=\dimen146
\Gm@layoutheight=\dimen147
\Gm@layouthoffset=\dimen148
\Gm@layoutvoffset=\dimen149
\Gm@dimlist=\toks19
) (c:/texlive/2024/texmf-dist/tex/latex/enumitem/enumitem.sty
Package: enumitem 2025/02/06 v3.11 Customized lists
\enitkv@toks@=\toks20
\labelindent=\skip51
\enit@outerparindent=\dimen150
\enit@toks=\toks21
\enit@inbox=\box52
\enit@count@id=\count272
\enitdp@description=\count273
) (c:/texlive/2024/texmf-dist/tex/latex/etaremune/etaremune.sty
Package: etaremune 2005/06/01 v1.2 Reversed enumerate (HA)
\c@EM@itemctr=\count274
\c@EM@etaremunectr=\count275
) (c:/texlive/2024/texmf-dist/tex/latex/xcolor/xcolor.sty
Package: xcolor 2023/11/15 v3.01 LaTeX color extensions (UK)
 (c:/texlive/2024/texmf-dist/tex/latex/graphics-cfg/color.cfg
File: color.cfg 2016/01/02 v1.6 sample color configuration
)
Package xcolor Info: Driver file: pdftex.def on input line 274.
 (c:/texlive/2024/texmf-dist/tex/latex/graphics-def/pdftex.def
File: pdftex.def 2024/04/13 v1.2c Graphics/color driver for pdftex
) (c:/texlive/2024/texmf-dist/tex/latex/graphics/mathcolor.ltx)
Package xcolor Info: Model `cmy' substituted by `cmy0' on input line 1350.
Package xcolor Info: Model `hsb' substituted by `rgb' on input line 1354.
Package xcolor Info: Model `RGB' extended on input line 1366.
Package xcolor Info: Model `HTML' substituted by `rgb' on input line 1368.
Package xcolor Info: Model `Hsb' substituted by `hsb' on input line 1369.
Package xcolor Info: Model `tHsb' substituted by `hsb' on input line 1370.
Package xcolor Info: Model `HSB' substituted by `hsb' on input line 1371.
Package xcolor Info: Model `Gray' substituted by `gray' on input line 1372.
Package xcolor Info: Model `wave' substituted by `hsb' on input line 1373.
) (c:/texlive/2024/texmf-dist/tex/latex/graphics/dvipsnam.def
File: dvipsnam.def 2016/06/17 v3.0m Driver-dependent file (DPC,SPQR)
) (c:/texlive/2024/texmf-dist/tex/latex/titlesec/titlesec.sty
Package: titlesec 2025/01/04 v2.17 Sectioning titles
\ttl@box=\box53
\beforetitleunit=\skip52
\aftertitleunit=\skip53
\ttl@plus=\dimen151
\ttl@minus=\dimen152
\ttl@toksa=\toks22
\titlewidth=\dimen153
\titlewidthlast=\dimen154
\titlewidthfirst=\dimen155
) (c:/texlive/2024/texmf-dist/tex/latex/xhfill/xhfill.sty (c:/texlive/2024/texmf-dist/tex/latex/tools/calc.sty
Package: calc 2023/07/08 v4.3 Infix arithmetic (KKT,FJ)
\calc@Acount=\count276
\calc@Bcount=\count277
\calc@Adimen=\dimen156
\calc@Bdimen=\dimen157
\calc@Askip=\skip54
\calc@Bskip=\skip55
LaTeX Info: Redefining \setlength on input line 80.
LaTeX Info: Redefining \addtolength on input line 81.
\calc@Ccount=\count278
\calc@Cskip=\skip56
) (c:/texlive/2024/texmf-dist/tex/latex/tools/xspace.sty
Package: xspace 2014/10/28 v1.13 Space after command names (DPC,MH)
)
Package: xhfill 2011/05/14\ v 1.01\ modify width and color of hrulefill
) (c:/texlive/2024/texmf-dist/tex/latex/fontawesome7/fontawesome7.sty (c:/texlive/2024/texmf-dist/tex/latex/l3kernel/expl3.sty
Package: expl3 2024-07-20 L3 programming layer (loader) 
 (c:/texlive/2024/texmf-dist/tex/latex/l3backend/l3backend-pdftex.def
File: l3backend-pdftex.def 2024-05-08 L3 backend support: PDF output (pdfTeX)
\l__color_backend_stack_int=\count279
\l__pdf_internal_box=\box54
))
Package: fontawesome7 2025/07/31 v7.0.0-1 Font Awesome 7
 (c:/texlive/2024/texmf-dist/tex/latex/l3packages/l3keys2e/l3keys2e.sty
Package: l3keys2e 2024-05-08 LaTeX2e option processing using LaTeX3 keys
) (c:/texlive/2024/texmf-dist/tex/latex/l3packages/xparse/xparse.sty
Package: xparse 2024-05-08 L3 Experimental document command parser
) (c:/texlive/2024/texmf-dist/tex/latex/fontawesome7/fontawesome7-generic-helper.sty
Package: fontawesome7-generic-helper 2025/07/31 v7.0.0-1 non-uTeX helper for fontawesome7
 (c:/texlive/2024/texmf-dist/tex/latex/fontawesome7/fontawesome7-mapping.def))) (c:/texlive/2024/texmf-dist/tex/latex/hyperref/hyperref.sty
Package: hyperref 2024-07-10 v7.01j Hypertext links for LaTeX
 (c:/texlive/2024/texmf-dist/tex/latex/kvsetkeys/kvsetkeys.sty
Package: kvsetkeys 2022-10-05 v1.19 Key value parser (HO)
) (c:/texlive/2024/texmf-dist/tex/generic/kvdefinekeys/kvdefinekeys.sty
Package: kvdefinekeys 2019-12-19 v1.6 Define keys (HO)
) (c:/texlive/2024/texmf-dist/tex/generic/pdfescape/pdfescape.sty
Package: pdfescape 2019/12/09 v1.15 Implements pdfTeX's escape features (HO)
 (c:/texlive/2024/texmf-dist/tex/generic/ltxcmds/ltxcmds.sty
Package: ltxcmds 2023-12-04 v1.26 LaTeX kernel commands for general use (HO)
) (c:/texlive/2024/texmf-dist/tex/generic/pdftexcmds/pdftexcmds.sty
Package: pdftexcmds 2020-06-27 v0.33 Utility functions of pdfTeX for LuaTeX (HO)
 (c:/texlive/2024/texmf-dist/tex/generic/infwarerr/infwarerr.sty
Package: infwarerr 2019/12/03 v1.5 Providing info/warning/error messages (HO)
)
Package pdftexcmds Info: \pdf@primitive is available.
Package pdftexcmds Info: \pdf@ifprimitive is available.
Package pdftexcmds Info: \pdfdraftmode found.
)) (c:/texlive/2024/texmf-dist/tex/latex/hycolor/hycolor.sty
Package: hycolor 2020-01-27 v1.10 Color options for hyperref/bookmark (HO)
) (c:/texlive/2024/texmf-dist/tex/latex/hyperref/nameref.sty
Package: nameref 2023-11-26 v2.56 Cross-referencing by name of section
 (c:/texlive/2024/texmf-dist/tex/latex/refcount/refcount.sty
Package: refcount 2019/12/15 v3.6 Data extraction from label references (HO)
) (c:/texlive/2024/texmf-dist/tex/generic/gettitlestring/gettitlestring.sty
Package: gettitlestring 2019/12/15 v1.6 Cleanup title references (HO)
 (c:/texlive/2024/texmf-dist/tex/latex/kvoptions/kvoptions.sty
Package: kvoptions 2022-06-15 v3.15 Key value format for package options (HO)
))
\c@section@level=\count280
) (c:/texlive/2024/texmf-dist/tex/latex/etoolbox/etoolbox.sty
Package: etoolbox 2020/10/05 v2.5k e-TeX tools for LaTeX (JAW)
\etb@tempcnta=\count281
) (c:/texlive/2024/texmf-dist/tex/generic/stringenc/stringenc.sty
Package: stringenc 2019/11/29 v1.12 Convert strings between diff. encodings (HO)
)
\@linkdim=\dimen158
\Hy@linkcounter=\count282
\Hy@pagecounter=\count283
 (c:/texlive/2024/texmf-dist/tex/latex/hyperref/pd1enc.def
File: pd1enc.def 2024-07-10 v7.01j Hyperref: PDFDocEncoding definition (HO)
Now handling font encoding PD1 ...
... no UTF-8 mapping file for font encoding PD1
) (c:/texlive/2024/texmf-dist/tex/generic/intcalc/intcalc.sty
Package: intcalc 2019/12/15 v1.3 Expandable calculations with integers (HO)
)
\Hy@SavedSpaceFactor=\count284
 (c:/texlive/2024/texmf-dist/tex/latex/hyperref/puenc.def
File: puenc.def 2024-07-10 v7.01j Hyperref: PDF Unicode definition (HO)
Now handling font encoding PU ...
... no UTF-8 mapping file for font encoding PU
)
Package hyperref Info: Option `bookmarks' set `false' on input line 4040.
Package hyperref Info: Hyper figures OFF on input line 4157.
Package hyperref Info: Link nesting OFF on input line 4162.
Package hyperref Info: Hyper index ON on input line 4165.
Package hyperref Info: Plain pages OFF on input line 4172.
Package hyperref Info: Backreferencing OFF on input line 4177.
Package hyperref Info: Implicit mode ON; LaTeX internals redefined.
Package hyperref Info: Bookmarks OFF on input line 4430.
\c@Hy@tempcnt=\count285
 (c:/texlive/2024/texmf-dist/tex/latex/url/url.sty
\Urlmuskip=\muskip17
Package: url 2013/09/16  ver 3.4  Verb mode for urls, etc.
)
LaTeX Info: Redefining \url on input line 4763.
\XeTeXLinkMargin=\dimen159
 (c:/texlive/2024/texmf-dist/tex/generic/bitset/bitset.sty
Package: bitset 2019/12/09 v1.3 Handle bit-vector datatype (HO)
 (c:/texlive/2024/texmf-dist/tex/generic/bigintcalc/bigintcalc.sty
Package: bigintcalc 2019/12/15 v1.5 Expandable calculations on big integers (HO)
))
\Fld@menulength=\count286
\Field@Width=\dimen160
\Fld@charsize=\dimen161
Package hyperref Info: Hyper figures OFF on input line 6042.
Package hyperref Info: Link nesting OFF on input line 6047.
Package hyperref Info: Hyper index ON on input line 6050.
Package hyperref Info: backreferencing OFF on input line 6057.
Package hyperref Info: Link coloring OFF on input line 6062.
Package hyperref Info: Link coloring with OCG OFF on input line 6067.
Package hyperref Info: PDF/A mode OFF on input line 6072.
 (c:/texlive/2024/texmf-dist/tex/latex/base/atbegshi-ltx.sty
Package: atbegshi-ltx 2021/01/10 v1.0c Emulation of the original atbegshi
package with kernel methods
)
\Hy@abspage=\count287
\c@Item=\count288
\c@Hfootnote=\count289
)
Package hyperref Info: Driver (autodetected): hpdftex.
 (c:/texlive/2024/texmf-dist/tex/latex/hyperref/hpdftex.def
File: hpdftex.def 2024-07-10 v7.01j Hyperref driver for pdfTeX
 (c:/texlive/2024/texmf-dist/tex/latex/base/atveryend-ltx.sty
Package: atveryend-ltx 2020/08/19 v1.0a Emulation of the original atveryend package
with kernel methods
)
\Fld@listcount=\count290
\c@bookmark@seq@number=\count291
 (c:/texlive/2024/texmf-dist/tex/latex/rerunfilecheck/rerunfilecheck.sty
Package: rerunfilecheck 2022-07-10 v1.10 Rerun checks for auxiliary files (HO)
 (c:/texlive/2024/texmf-dist/tex/generic/uniquecounter/uniquecounter.sty
Package: uniquecounter 2019/12/15 v1.4 Provide unlimited unique counter (HO)
)
Package uniquecounter Info: New unique counter `rerunfilecheck' on input line 285.
)
\Hy@SectionHShift=\skip57
)
Package hyperref Info: Option `colorlinks' set `true' on input line 67.
 (c:/texlive/2024/texmf-dist/tex/latex/totalcount/totalcount.sty
Package: totalcount 2018/01/21 v1.0a Total values of counters (AR)
\c@totalcount@page=\count292
) (c:/texlive/2024/texmf-dist/tex/latex/fancyhdr/fancyhdr.sty
Package: fancyhdr 2024/07/23 v4.3.1 Extensive control of page headers and footers
\f@nch@headwidth=\skip58
\f@nch@O@elh=\skip59
\f@nch@O@erh=\skip60
\f@nch@O@olh=\skip61
\f@nch@O@orh=\skip62
\f@nch@O@elf=\skip63
\f@nch@O@erf=\skip64
\f@nch@O@olf=\skip65
\f@nch@O@orf=\skip66
) (c:/texlive/2024/texmf-dist/tex/latex/amsmath/amsmath.sty
Package: amsmath 2024/05/23 v2.17q AMS math features
\@mathmargin=\skip67

For additional information on amsmath, use the `?' option.
(c:/texlive/2024/texmf-dist/tex/latex/amsmath/amstext.sty
Package: amstext 2021/08/26 v2.01 AMS text
 (c:/texlive/2024/texmf-dist/tex/latex/amsmath/amsgen.sty
File: amsgen.sty 1999/11/30 v2.0 generic functions
\@emptytoks=\toks23
\ex@=\dimen162
)) (c:/texlive/2024/texmf-dist/tex/latex/amsmath/amsbsy.sty
Package: amsbsy 1999/11/29 v1.2d Bold Symbols
\pmbraise@=\dimen163
) (c:/texlive/2024/texmf-dist/tex/latex/amsmath/amsopn.sty
Package: amsopn 2022/04/08 v2.04 operator names
)
\inf@bad=\count293
LaTeX Info: Redefining \frac on input line 233.
\uproot@=\count294
\leftroot@=\count295
LaTeX Info: Redefining \overline on input line 398.
LaTeX Info: Redefining \colon on input line 409.
\classnum@=\count296
\DOTSCASE@=\count297
LaTeX Info: Redefining \ldots on input line 495.
LaTeX Info: Redefining \dots on input line 498.
LaTeX Info: Redefining \cdots on input line 619.
\Mathstrutbox@=\box55
\strutbox@=\box56
LaTeX Info: Redefining \big on input line 721.
LaTeX Info: Redefining \Big on input line 722.
LaTeX Info: Redefining \bigg on input line 723.
LaTeX Info: Redefining \Bigg on input line 724.
\big@size=\dimen164
LaTeX Font Info:    Redeclaring font encoding OML on input line 742.
LaTeX Font Info:    Redeclaring font encoding OMS on input line 743.
\macc@depth=\count298
LaTeX Info: Redefining \bmod on input line 904.
LaTeX Info: Redefining \pmod on input line 909.
LaTeX Info: Redefining \smash on input line 939.
LaTeX Info: Redefining \relbar on input line 969.
LaTeX Info: Redefining \Relbar on input line 970.
\c@MaxMatrixCols=\count299
\dotsspace@=\muskip18
\c@parentequation=\count300
\dspbrk@lvl=\count301
\tag@help=\toks24
\row@=\count302
\column@=\count303
\maxfields@=\count304
\andhelp@=\toks25
\eqnshift@=\dimen165
\alignsep@=\dimen166
\tagshift@=\dimen167
\tagwidth@=\dimen168
\totwidth@=\dimen169
\lineht@=\dimen170
\@envbody=\toks26
\multlinegap=\skip68
\multlinetaggap=\skip69
\mathdisplay@stack=\toks27
LaTeX Info: Redefining \[ on input line 2953.
LaTeX Info: Redefining \] on input line 2954.
) (c:/texlive/2024/texmf-dist/tex/latex/amsfonts/amsfonts.sty
Package: amsfonts 2013/01/14 v3.01 Basic AMSFonts support
\symAMSa=\mathgroup4
\symAMSb=\mathgroup5
LaTeX Font Info:    Redeclaring math symbol \hbar on input line 98.
LaTeX Font Info:    Overwriting math alphabet `\mathfrak' in version `bold'
(Font)                  U/euf/m/n --> U/euf/b/n on input line 106.
) (c:/texlive/2024/texmf-dist/tex/latex/tools/tabularx.sty
Package: tabularx 2023/12/11 v2.12a `tabularx' package (DPC)
 (c:/texlive/2024/texmf-dist/tex/latex/tools/array.sty
Package: array 2024/06/14 v2.6d Tabular extension package (FMi)
\col@sep=\dimen171
\ar@mcellbox=\box57
\extrarowheight=\dimen172
\NC@list=\toks28
\extratabsurround=\skip70
\backup@length=\skip71
\ar@cellbox=\box58
)
\TX@col@width=\dimen173
\TX@old@table=\dimen174
\TX@old@col=\dimen175
\TX@target=\dimen176
\TX@delta=\dimen177
\TX@cols=\count305
\TX@ftn=\toks29
)
LaTeX Font Info:    Trying to load font information for T1+Inter-TLF on input line 88.
 (c:/texlive/2024/texmf-dist/tex/latex/inter/T1Inter-TLF.fd
File: T1Inter-TLF.fd 2023/11/24 (autoinst) Font definitions for T1/Inter-TLF.
)
LaTeX Font Info:    Font shape `T1/Inter-TLF/m/n' will be
(Font)              scaled to size 10.95pt on input line 88.

No file new.aux.
\openout1 = `new.aux'.

LaTeX Font Info:    Checking defaults for OML/cmm/m/it on input line 88.
LaTeX Font Info:    ... okay on input line 88.
LaTeX Font Info:    Checking defaults for OMS/cmsy/m/n on input line 88.
LaTeX Font Info:    ... okay on input line 88.
LaTeX Font Info:    Checking defaults for OT1/cmr/m/n on input line 88.
LaTeX Font Info:    ... okay on input line 88.
LaTeX Font Info:    Checking defaults for T1/cmr/m/n on input line 88.
LaTeX Font Info:    ... okay on input line 88.
LaTeX Font Info:    Checking defaults for TS1/cmr/m/n on input line 88.
LaTeX Font Info:    ... okay on input line 88.
LaTeX Font Info:    Checking defaults for OMX/cmex/m/n on input line 88.
LaTeX Font Info:    ... okay on input line 88.
LaTeX Font Info:    Checking defaults for U/cmr/m/n on input line 88.
LaTeX Font Info:    ... okay on input line 88.
LaTeX Font Info:    Checking defaults for PD1/pdf/m/n on input line 88.
LaTeX Font Info:    ... okay on input line 88.
LaTeX Font Info:    Checking defaults for PU/pdf/m/n on input line 88.
LaTeX Font Info:    ... okay on input line 88.
\c@mv@tabular=\count306
\c@mv@boldtabular=\count307
*geometry* driver: auto-detecting
*geometry* detected driver: pdftex
*geometry* verbose mode - [ preamble ] result:
* driver: pdftex
* paper: a4paper
* layout: <same size as paper>
* layoutoffset:(h,v)=(0.0pt,0.0pt)
* modes: 
* h-part:(L,W,R)=(71.13188pt, 455.24411pt, 71.13188pt)
* v-part:(T,H,B)=(51.21504pt, 721.56181pt, 72.26999pt)
* \paperwidth=597.50787pt
* \paperheight=845.04684pt
* \textwidth=455.24411pt
* \textheight=721.56181pt
* \oddsidemargin=-1.1381pt
* \evensidemargin=-1.1381pt
* \topmargin=-58.05495pt
* \headheight=12.0pt
* \headsep=25.0pt
* \topskip=11.0pt
* \footskip=30.0pt
* \marginparwidth=59.0pt
* \marginparsep=10.0pt
* \columnsep=10.0pt
* \skip\footins=10.0pt plus 4.0pt minus 2.0pt
* \hoffset=0.0pt
* \voffset=0.0pt
* \mag=1000
* \@twocolumnfalse
* \@twosidefalse
* \@mparswitchfalse
* \@reversemarginfalse
* (1in=72.27pt=25.4mm, 1cm=28.453pt)

(c:/texlive/2024/texmf-dist/tex/context/base/mkii/supp-pdf.mkii
[Loading MPS to PDF converter (version 2006.09.02).]
\scratchcounter=\count308
\scratchdimen=\dimen178
\scratchbox=\box59
\nofMPsegments=\count309
\nofMParguments=\count310
\everyMPshowfont=\toks30
\MPscratchCnt=\count311
\MPscratchDim=\dimen179
\MPnumerator=\count312
\makeMPintoPDFobject=\count313
\everyMPtoPDFconversion=\toks31
)
Package hyperref Info: Link coloring ON on input line 88.
LaTeX Font Info:    Font shape `T1/Inter-TLF/m/n' will be
(Font)              scaled to size 28.0pt on input line 92.
LaTeX Font Info:    Trying to load font information for U+fontawesome7free1 on input line 95.
 (c:/texlive/2024/texmf-dist/tex/latex/fontawesome7/ufontawesome7free1.fd)
LaTeX Font Info:    Trying to load font information for U+fontawesome7free2 on input line 96.
 (c:/texlive/2024/texmf-dist/tex/latex/fontawesome7/ufontawesome7free2.fd)

Package fontawesome7 Warning: The requested icon globe has been replaced by
(fontawesome7)                the solid version

LaTeX Font Info:    Font shape `T1/Inter-TLF/m/n' will be
(Font)              scaled to size 12.0pt on input line 103.
LaTeX Font Info:    Font shape `T1/Inter-TLF/black/n' aliased to
(Font)              `T1/Inter-TLF/ub/n' on input line 103.
LaTeX Font Info:    Font shape `T1/Inter-TLF/ub/n' will be
(Font)              scaled to size 12.0pt on input line 103.
LaTeX Font Info:    Font shape `T1/Inter-TLF/bold/n' aliased to
(Font)              `T1/Inter-TLF/b/n' on input line 114.
LaTeX Font Info:    Font shape `T1/Inter-TLF/b/n' will be
(Font)              scaled to size 10.95pt on input line 114.
LaTeX Font Info:    Font shape `T1/Inter-TLF/m/it' will be
(Font)              scaled to size 10.95pt on input line 117.

LaTeX Font Warning: Font shape `T1/Inter-TLF/normal/n' undefined
(Font)              using `T1/Inter-TLF/m/n' instead on input line 124.

LaTeX Font Info:    Font shape `T1/Inter-TLF/normal/n' will be
(Font)              scaled to size 10.95pt on input line 158.
(c:/texlive/2024/texmf-dist/tex/latex/amsfonts/umsa.fd) (c:/texlive/2024/texmf-dist/tex/latex/amsfonts/umsb.fd)
Underfull \hbox (badness 10000) in alignment at lines 192--192
[][]
 []



[1

{c:/texlive/2024/texmf-var/fonts/map/pdftex/updmap/pdftex.map

pdfTeX warning: pdflatex.exe (file c:/texlive/2024/texmf-var/fonts/map/pdftex/updmap/pdftex.map): fontmap entry for `pagd8r' already exists, duplicates ignored


pdfTeX warning: pdflatex.exe (file c:/texlive/2024/texmf-var/fonts/map/pdftex/updmap/pdftex.map): fontmap entry for `pagdo8r' already exists, duplicates ignored


pdfTeX warning: pdflatex.exe (file c:/texlive/2024/texmf-var/fonts/map/pdftex/updmap/pdftex.map): fontmap entry for `pagk8r' already exists, duplicates ignored


pdfTeX warning: pdflatex.exe (file c:/texlive/2024/texmf-var/fonts/map/pdftex/updmap/pdftex.map): fontmap entry for `pagko8r' already exists, duplicates ignored


pdfTeX warning: pdflatex.exe (file c:/texlive/2024/texmf-var/fonts/map/pdftex/updmap/pdftex.map): fontmap entry for `pbkd8r' already exists, duplicates ignored


pdfTeX warning: pdflatex.exe (file c:/texlive/2024/texmf-var/fonts/map/pdftex/updmap/pdftex.map): fontmap entry for `pbkdi8r' already exists, duplicates ignored


pdfTeX warning: pdflatex.exe (file c:/texlive/2024/texmf-var/fonts/map/pdftex/updmap/pdftex.map): invalid entry for `pbkdo8r': SlantFont/ExtendFont can be used only with embedded Type1 fonts


pdfTeX warning: pdflatex.exe (file c:/texlive/2024/texmf-var/fonts/map/pdftex/updmap/pdftex.map): fontmap entry for `pbkl8r' already exists, duplicates ignored


pdfTeX warning: pdflatex.exe (file c:/texlive/2024/texmf-var/fonts/map/pdftex/updmap/pdftex.map): fontmap entry for `pbkli8r' already exists, duplicates ignored


pdfTeX warning: pdflatex.exe (file c:/texlive/2024/texmf-var/fonts/map/pdftex/updmap/pdftex.map): invalid entry for `pbklo8r': SlantFont/ExtendFont can be used only with embedded Type1 fonts


pdfTeX warning: pdflatex.exe (file c:/texlive/2024/texmf-var/fonts/map/pdftex/updmap/pdftex.map): fontmap entry for `pcrb8r' already exists, duplicates ignored


pdfTeX warning: pdflatex.exe (file c:/texlive/2024/texmf-var/fonts/map/pdftex/updmap/pdftex.map): fontmap entry for `pcrbo8r' already exists, duplicates ignored


pdfTeX warning: pdflatex.exe (file c:/texlive/2024/texmf-var/fonts/map/pdftex/updmap/pdftex.map): fontmap entry for `pcrr8r' already exists, duplicates ignored


pdfTeX warning: pdflatex.exe (file c:/texlive/2024/texmf-var/fonts/map/pdftex/updmap/pdftex.map): fontmap entry for `pcrro8r' already exists, duplicates ignored


pdfTeX warning: pdflatex.exe (file c:/texlive/2024/texmf-var/fonts/map/pdftex/updmap/pdftex.map): fontmap entry for `phvb8r' already exists, duplicates ignored


pdfTeX warning: pdflatex.exe (file c:/texlive/2024/texmf-var/fonts/map/pdftex/updmap/pdftex.map): fontmap entry for `phvb8rn' already exists, duplicates ignored


pdfTeX warning: pdflatex.exe (file c:/texlive/2024/texmf-var/fonts/map/pdftex/updmap/pdftex.map): fontmap entry for `phvbo8r' already exists, duplicates ignored


pdfTeX warning: pdflatex.exe (file c:/texlive/2024/texmf-var/fonts/map/pdftex/updmap/pdftex.map): fontmap entry for `phvbo8rn' already exists, duplicates ignored


pdfTeX warning: pdflatex.exe (file c:/texlive/2024/texmf-var/fonts/map/pdftex/updmap/pdftex.map): fontmap entry for `phvr8r' already exists, duplicates ignored


pdfTeX warning: pdflatex.exe (file c:/texlive/2024/texmf-var/fonts/map/pdftex/updmap/pdftex.map): fontmap entry for `phvr8rn' already exists, duplicates ignored


pdfTeX warning: pdflatex.exe (file c:/texlive/2024/texmf-var/fonts/map/pdftex/updmap/pdftex.map): fontmap entry for `phvro8r' already exists, duplicates ignored


pdfTeX warning: pdflatex.exe (file c:/texlive/2024/texmf-var/fonts/map/pdftex/updmap/pdftex.map): fontmap entry for `phvro8rn' already exists, duplicates ignored


pdfTeX warning: pdflatex.exe (file c:/texlive/2024/texmf-var/fonts/map/pdftex/updmap/pdftex.map): fontmap entry for `pncb8r' already exists, duplicates ignored


pdfTeX warning: pdflatex.exe (file c:/texlive/2024/texmf-var/fonts/map/pdftex/updmap/pdftex.map): fontmap entry for `pncbi8r' already exists, duplicates ignored


pdfTeX warning: pdflatex.exe (file c:/texlive/2024/texmf-var/fonts/map/pdftex/updmap/pdftex.map): invalid entry for `pncbo8r': SlantFont/ExtendFont can be used only with embedded Type1 fonts


pdfTeX warning: pdflatex.exe (file c:/texlive/2024/texmf-var/fonts/map/pdftex/updmap/pdftex.map): fontmap entry for `pncr8r' already exists, duplicates ignored


pdfTeX warning: pdflatex.exe (file c:/texlive/2024/texmf-var/fonts/map/pdftex/updmap/pdftex.map): fontmap entry for `pncri8r' already exists, duplicates ignored


pdfTeX warning: pdflatex.exe (file c:/texlive/2024/texmf-var/fonts/map/pdftex/updmap/pdftex.map): invalid entry for `pncro8r': SlantFont/ExtendFont can be used only with embedded Type1 fonts


pdfTeX warning: pdflatex.exe (file c:/texlive/2024/texmf-var/fonts/map/pdftex/updmap/pdftex.map): fontmap entry for `pplb8r' already exists, duplicates ignored


pdfTeX warning: pdflatex.exe (file c:/texlive/2024/texmf-var/fonts/map/pdftex/updmap/pdftex.map): fontmap entry for `pplbi8r' already exists, duplicates ignored


pdfTeX warning: pdflatex.exe (file c:/texlive/2024/texmf-var/fonts/map/pdftex/updmap/pdftex.map): invalid entry for `pplbo8r': SlantFont/ExtendFont can be used only with embedded Type1 fonts


pdfTeX warning: pdflatex.exe (file c:/texlive/2024/texmf-var/fonts/map/pdftex/updmap/pdftex.map): fontmap entry for `pplr8r' already exists, duplicates ignored


pdfTeX warning: pdflatex.exe (file c:/texlive/2024/texmf-var/fonts/map/pdftex/updmap/pdftex.map): fontmap entry for `pplri8r' already exists, duplicates ignored


pdfTeX warning: pdflatex.exe (file c:/texlive/2024/texmf-var/fonts/map/pdftex/updmap/pdftex.map): invalid entry for `pplro8r': SlantFont/ExtendFont can be used only with embedded Type1 fonts


pdfTeX warning: pdflatex.exe (file c:/texlive/2024/texmf-var/fonts/map/pdftex/updmap/pdftex.map): fontmap entry for `psyr' already exists, duplicates ignored


pdfTeX warning: pdflatex.exe (file c:/texlive/2024/texmf-var/fonts/map/pdftex/updmap/pdftex.map): invalid entry for `psyro': SlantFont/ExtendFont can be used only with embedded Type1 fonts


pdfTeX warning: pdflatex.exe (file c:/texlive/2024/texmf-var/fonts/map/pdftex/updmap/pdftex.map): fontmap entry for `ptmb8r' already exists, duplicates ignored


pdfTeX warning: pdflatex.exe (file c:/texlive/2024/texmf-var/fonts/map/pdftex/updmap/pdftex.map): fontmap entry for `ptmbi8r' already exists, duplicates ignored


pdfTeX warning: pdflatex.exe (file c:/texlive/2024/texmf-var/fonts/map/pdftex/updmap/pdftex.map): invalid entry for `ptmbo8r': SlantFont/ExtendFont can be used only with embedded Type1 fonts


pdfTeX warning: pdflatex.exe (file c:/texlive/2024/texmf-var/fonts/map/pdftex/updmap/pdftex.map): fontmap entry for `ptmr8r' already exists, duplicates ignored


pdfTeX warning: pdflatex.exe (file c:/texlive/2024/texmf-var/fonts/map/pdftex/updmap/pdftex.map): fontmap entry for `ptmri8r' already exists, duplicates ignored


pdfTeX warning: pdflatex.exe (file c:/texlive/2024/texmf-var/fonts/map/pdftex/updmap/pdftex.map): invalid entry for `ptmro8r': SlantFont/ExtendFont can be used only with embedded Type1 fonts


pdfTeX warning: pdflatex.exe (file c:/texlive/2024/texmf-var/fonts/map/pdftex/updmap/pdftex.map): fontmap entry for `pzcmi8r' already exists, duplicates ignored


pdfTeX warning: pdflatex.exe (file c:/texlive/2024/texmf-var/fonts/map/pdftex/updmap/pdftex.map): fontmap entry for `pzdr' already exists, duplicates ignored
}{c:/texlive/2024/texmf-dist/fonts/enc/dvips/inter/a_djwlf6.enc}{c:/texlive/2024/texmf-dist/fonts/enc/dvips/fontawesome7/fa7free1.enc}{c:/texlive/2024/texmf-dist/fonts/enc/dvips/fontawesome7/fa7free2.enc}]
LaTeX Font Info:    Trying to load font information for TS1+Inter-TLF on input line 208.
 (c:/texlive/2024/texmf-dist/tex/latex/inter/TS1Inter-TLF.fd
File: TS1Inter-TLF.fd 2023/11/24 (autoinst) Font definitions for TS1/Inter-TLF.
)
LaTeX Font Info:    Font shape `TS1/Inter-TLF/m/n' will be
(Font)              scaled to size 10.95pt on input line 208.


LaTeX Warning: Etaremune labels have changed.
               Rerun to get them right.


Package totalcount Warning: Total counter(s) have changed.
(totalcount)                Rerun to get them right.



[2] (./new.aux)
 ***********
LaTeX2e <2024-06-01> patch level 2
L3 programming layer <2024-07-20>
 ***********


LaTeX Font Warning: Some font shapes were not available, defaults substituted.

 ) 
Here is how much of TeX's memory you used:
 16361 strings out of 475495
 286901 string characters out of 5776742
 1942960 words of memory out of 5000000
 38773 multiletter control sequences out of 15000+600000
 611718 words of font info for 70 fonts, out of 8000000 for 9000
 36 hyphenation exceptions out of 8191
 75i,11n,80p,380b,471s stack positions out of 10000i,1000n,20000p,200000b,200000s
<c:/texlive/2024/texmf-dist/fonts/type1/public/fontawesome7/FontAwesome7Free-Regular.pfb><c:/texlive/2024/texmf-dist/fonts/type1/public/fontawesome7/FontAwesome7Free-Solid.pfb><c:/texlive/2024/texmf-dist/fonts/type1/public/inter/Inter-Black.pfb><c:/texlive/2024/texmf-dist/fonts/type1/public/inter/Inter-Bold.pfb><c:/texlive/2024/texmf-dist/fonts/type1/public/inter/Inter-Italic.pfb><c:/texlive/2024/texmf-dist/fonts/type1/public/inter/Inter-Regular.pfb><c:/texlive/2024/texmf-dist/fonts/type1/public/amsfonts/symbols/msam10.pfb>
Output written on new.pdf (2 pages, 243901 bytes).
PDF statistics:
 91 PDF objects out of 1000 (max. 8388607)
 72 compressed objects within 1 object stream
 30 named destinations out of 1000 (max. 500000)
 1 words of extra memory for PDF output out of 10000 (max. 10000000)

